
::::::::::::::::::::::::::::::::::::::::::::::::::::::::::::::::::::::
  Multi-core Markov-chain Monte Carlo (mc3).
  Version 3.1.2.
  Copyright (c) 2015-2023 Patricio Cubillos and collaborators.
  mc3 is open-source software under the MIT license (see LICENSE).
::::::::::::::::::::::::::::::::::::::::::::::::::::::::::::::::::::::

Least-squares best-fitting parameters:
  [1.70000003 0.19999997 0.40000003]

Start MCMC chains  (Tue Apr 18 11:43:01 2023)

[:         ]  10.0% completed  (Tue Apr 18 11:55:53 2023)
Out-of-bound Trials:
[ 5  8 31]
Best Parameters: (chisq=0.5132)
[1.9172255  0.14203302 0.45675753]

[::        ]  20.0% completed  (Tue Apr 18 12:09:11 2023)
Out-of-bound Trials:
[ 6 13 33]
Best Parameters: (chisq=0.1439)
[1.78704649 0.24287658 0.46968988]
Gelman-Rubin statistics for free parameters:
[1.21485593 1.16798956 1.16858241]

[:::       ]  30.0% completed  (Tue Apr 18 12:22:11 2023)
Out-of-bound Trials:
[ 8 14 41]
Best Parameters: (chisq=0.1439)
[1.78704649 0.24287658 0.46968988]
Gelman-Rubin statistics for free parameters:
[1.06687051 1.07041455 1.07303613]

[::::      ]  40.0% completed  (Tue Apr 18 12:35:08 2023)
Out-of-bound Trials:
[ 9 16 47]
Best Parameters: (chisq=0.0795)
[1.82328247 0.21901823 0.48111655]
Gelman-Rubin statistics for free parameters:
[1.02692979 1.02690196 1.06626469]

[:::::     ]  50.0% completed  (Tue Apr 18 12:48:12 2023)
Out-of-bound Trials:
[11 17 52]
Best Parameters: (chisq=0.0795)
[1.82328247 0.21901823 0.48111655]
Gelman-Rubin statistics for free parameters:
[1.01391978 1.01710992 1.04596853]

[::::::    ]  60.0% completed  (Tue Apr 18 13:01:33 2023)
Out-of-bound Trials:
[11 19 58]
Best Parameters: (chisq=0.0795)
[1.82328247 0.21901823 0.48111655]
Gelman-Rubin statistics for free parameters:
[1.00721235 1.00934292 1.02918731]

[:::::::   ]  70.0% completed  (Tue Apr 18 13:15:08 2023)
Out-of-bound Trials:
[13 20 58]
Best Parameters: (chisq=0.0795)
[1.82328247 0.21901823 0.48111655]
Gelman-Rubin statistics for free parameters:
[1.00835428 1.00756732 1.02028328]

[::::::::  ]  80.0% completed  (Tue Apr 18 13:28:38 2023)
Out-of-bound Trials:
[13 20 60]
Best Parameters: (chisq=0.0795)
[1.82328247 0.21901823 0.48111655]
Gelman-Rubin statistics for free parameters:
[1.00589534 1.0069659  1.01629042]

[::::::::: ]  90.0% completed  (Tue Apr 18 13:41:56 2023)
Out-of-bound Trials:
[14 20 64]
Best Parameters: (chisq=0.0795)
[1.82328247 0.21901823 0.48111655]
Gelman-Rubin statistics for free parameters:
[1.00427195 1.00499153 1.01357174]

[::::::::::] 100.0% completed  (Tue Apr 18 13:55:19 2023)
Out-of-bound Trials:
[15 23 67]
Best Parameters: (chisq=0.0795)
[1.82328247 0.21901823 0.48111655]
Gelman-Rubin statistics for free parameters:
[1.00336229 1.0035917  1.01233646]

MCMC Summary:
-------------
  Number of evaluated samples:        10010
  Number of parallel chains:             14
  Average iterations per chain:         715
  Burned-in iterations per chain:       100
  Thinning factor:                        1
  MCMC sample size (thinned, burned):  8610
  Acceptance rate:   25.04%

::::::::::::::::::::::::::::::::::::::::::::::::::::::::::::::::::::::
  Warning:
    MCMC found a better fit than the minimizer:
    MCMC best-fitting parameters:        (chisq=0.21097472)
    [1.82328247 0.21901823 0.48111655]
    Minimizer best-fitting parameters:   (chisq=57.327782)
    [1.70000003 0.19999997 0.40000003]
::::::::::::::::::::::::::::::::::::::::::::::::::::::::::::::::::::::


Parameter name     best fit   median      1sigma_low   1sigma_hi        S/N
--------------- -----------  -----------------------------------  ---------
alpha            1.8233e+00   1.8248e+00 -1.2126e-01  1.1518e-01       14.8
delta            2.1902e-01   2.1759e-01 -8.2689e-02  8.9611e-02        2.4
sigma            4.8112e-01   4.9709e-01 -8.4923e-02  1.0045e-01        5.2

  Best-parameter's chi-squared:       0.2110
  Best-parameter's -2*log(posterior): 0.2110
  Bayesian Information Criterion:     5.5863
  Reduced chi-squared:                0.0703
  Standard deviation of residuals:  0.0446132

For a detailed summary with all parameter posterior statistics see
MCMC_run_statistics.txt

Output sampler files:
  MCMC_run_statistics.txt
  MCMC_run.npz
  MCMC_run_trace.png
  MCMC_run_pairwise_posterior.png
  MCMC_run_marginal_posterior.png
  MCMC_run_RMS.png
  MCMC_run.log
